[01:35:57] [ServerMain/WARN]: Invalid registry value type detected for PerfOS counters. Should be REG_DWORD. Ignoring: HKEY_LOCAL_MACHINE\SYSTEM\CurrentControlSet\Services\PerfOS\Performance\Disable Performance Counters.
[01:35:59] [ServerMain/INFO]: Building unoptimized datafixer
[01:36:00] [ServerMain/INFO]: Environment: authHost='https://authserver.mojang.com', accountsHost='https://api.mojang.com', sessionHost='https://sessionserver.mojang.com', servicesHost='https://api.minecraftservices.com', name='PROD'
[01:36:02] [ServerMain/INFO]: Loaded 7 recipes
[01:36:07] [Server thread/INFO]: Starting minecraft server version 1.19.3
[01:36:07] [Server thread/INFO]: Loading properties
[01:36:07] [Server thread/INFO]: Default game type: SURVIVAL
[01:36:07] [Server thread/INFO]: Generating keypair
[01:36:07] [Server thread/INFO]: Starting Minecraft server on 192.168.0.6:25565
[01:36:07] [Server thread/INFO]: Using default channel type
[01:36:08] [Server thread/INFO]: This server is running CraftBukkit version 3670-Bukkit-bd29f41 (MC: 1.19.3) (Implementing API version 1.19.3-R0.1-SNAPSHOT)
[01:36:08] [Server thread/INFO]: [Essentials] Loading Essentials v2.21.0-dev+24-0af4436
[01:36:08] [Server thread/INFO]: Preparing level "world"
[01:36:09] [Server thread/INFO]: Preparing start region for dimension minecraft:overworld
[01:36:10] [Worker-Main-5/INFO]: Preparing spawn area: 0%
[01:36:10] [Worker-Main-5/INFO]: Preparing spawn area: 0%
[01:36:10] [Worker-Main-1/INFO]: Preparing spawn area: 0%
[01:36:11] [Worker-Main-1/INFO]: Preparing spawn area: 0%
[01:36:11] [Worker-Main-1/INFO]: Preparing spawn area: 29%
[01:36:12] [Server thread/INFO]: Time elapsed: 2498 ms
[01:36:12] [Server thread/INFO]: Preparing start region for dimension minecraft:the_nether
[01:36:12] [Worker-Main-1/INFO]: Preparing spawn area: 0%
[01:36:12] [Worker-Main-1/INFO]: Preparing spawn area: 0%
[01:36:13] [Worker-Main-5/INFO]: Preparing spawn area: 0%
[01:36:13] [Worker-Main-3/INFO]: Preparing spawn area: 1%
[01:36:14] [Worker-Main-3/INFO]: Preparing spawn area: 6%
[01:36:14] [Worker-Main-7/INFO]: Preparing spawn area: 94%
[01:36:14] [Server thread/INFO]: Time elapsed: 2526 ms
[01:36:14] [Server thread/INFO]: Preparing start region for dimension minecraft:the_end
[01:36:15] [Worker-Main-7/INFO]: Preparing spawn area: 0%
[01:36:15] [Worker-Main-7/INFO]: Preparing spawn area: 0%
[01:36:15] [Worker-Main-2/INFO]: Preparing spawn area: 0%
[01:36:16] [Worker-Main-1/INFO]: Preparing spawn area: 0%
[01:36:16] [Worker-Main-4/INFO]: Preparing spawn area: 10%
[01:36:16] [Server thread/INFO]: Time elapsed: 2222 ms
[01:36:16] [Server thread/INFO]: [Essentials] Enabling Essentials v2.21.0-dev+24-0af4436
[01:36:16] [Server thread/ERROR]: You are running an unsupported server version!
[01:36:17] [Server thread/INFO]: Attempting to convert old kits in config.yml to new kits.yml
[01:36:17] [Server thread/INFO]: No kits found to migrate.
[01:36:17] [Server thread/INFO]: Loaded 39095 items from items.json.
[01:36:17] [Server thread/INFO]: Using locale ko_KR
[01:36:17] [Server thread/INFO]: ServerListPingEvent: Spigot iterator API
[01:36:17] [Server thread/INFO]: Starting Metrics. Opt-out using the global bStats config.
[01:36:17] [Server thread/INFO]: Using superperms-based permissions.
[01:36:17] [Server thread/INFO]: Server permissions file permissions.yml is empty, ignoring it
[01:36:17] [Server thread/INFO]: Done (8.825s)! For help, type "help"
[01:36:17] [Craft Scheduler Thread - 0/INFO]: Â§6ë²„ì „ ì •ë³´ë¥¼ ê°€ì ¸ì˜¤ëŠ”ì¤‘...
[01:37:38] [User Authenticator #1/INFO]: UUID of player Kaen_y is 61928150-17fa-4cbe-b403-9267cae04a75
[01:37:38] [Server thread/INFO]: Kaen_y joined the game
[01:37:38] [Server thread/INFO]: Kaen_y[/39.117.18.234:57740] logged in with entity id 673 at ([world]418.8761018025833, -32.0, 536.8027718162765)
[01:38:09] [User Authenticator #2/INFO]: UUID of player PorTnT_ is f90b9172-bf4a-4c3a-ac00-0eb4c2fc5e6c
[01:38:09] [Server thread/INFO]: PorTnT_ joined the game
[01:38:09] [Server thread/INFO]: PorTnT_[/192.168.0.1:14457] logged in with entity id 1294 at ([world]530.6571668285875, 74.0, -74.84668035648983)
[01:41:37] [User Authenticator #3/INFO]: UUID of player Sejul_04 is b0a841e2-39f8-42db-b963-8b04fe2661bf
[01:41:37] [Server thread/INFO]: Sejul_04 joined the game
[01:41:37] [Server thread/INFO]: Sejul_04[/221.167.246.167:64909] logged in with entity id 3018 at ([world]517.3979999685586, 60.0, 122.30000001192093)
[01:57:44] [Server thread/INFO]: Sejul_04 was shot by Skeleton
[02:45:54] [Server thread/WARN]: Can't keep up! Is the server overloaded? Running 5002ms or 100 ticks behind
[02:48:06] [Server thread/WARN]: Can't keep up! Is the server overloaded? Running 5005ms or 100 ticks behind
[02:52:23] [Server thread/INFO]: Villager EntityVillager['Villager'/40221, l='ServerLevel[world]', x=-429.20, y=67.54, z=-1903.80] died, message: 'Villager was slain by PorTnT_'
[02:56:58] [Server thread/INFO]: Kaen_y drowned
[03:11:50] [Server thread/INFO]: Sejul_04 has made the advancement [Getting an Upgrade]
[03:14:07] [Server thread/INFO]: Sejul_04 has made the advancement [We Need to Go Deeper]
[03:18:41] [Server thread/WARN]: Can't keep up! Is the server overloaded? Running 5005ms or 100 ticks behind
[03:20:14] [Server thread/WARN]: Can't keep up! Is the server overloaded? Running 5003ms or 100 ticks behind
[03:21:02] [Server thread/INFO]: Kaen_y was shot by Skeleton
[03:25:37] [Server thread/INFO]: Kaen_y was shot by Skeleton
[03:25:59] [Server thread/WARN]: Can't keep up! Is the server overloaded? Running 5008ms or 100 ticks behind
[03:27:06] [Server thread/WARN]: Can't keep up! Is the server overloaded? Running 5039ms or 100 ticks behind
[03:28:10] [Server thread/WARN]: Can't keep up! Is the server overloaded? Running 5004ms or 100 ticks behind
[03:29:52] [Server thread/WARN]: Can't keep up! Is the server overloaded? Running 5006ms or 100 ticks behind
[03:33:02] [Server thread/INFO]: Sejul_04 lost connection: Timed out
[03:33:02] [Server thread/INFO]: Sejul_04 left the game.
[03:33:02] [Server thread/WARN]: handleDisconnection() called twice
[03:33:04] [Server thread/WARN]: Can't keep up! Is the server overloaded? Running 5138ms or 102 ticks behind
[03:33:24] [User Authenticator #4/INFO]: UUID of player Sejul_04 is b0a841e2-39f8-42db-b963-8b04fe2661bf
[03:33:24] [Server thread/INFO]: Sejul_04 joined the game
[03:33:24] [Server thread/INFO]: Sejul_04[/221.167.246.167:52047] logged in with entity id 74106 at ([world]333.2133238914551, 65.0, 568.1946920931343)
[03:34:33] [Server thread/INFO]: Sejul_04 lost connection: Disconnected
[03:34:33] [Server thread/INFO]: Sejul_04 left the game
[03:37:24] [Server thread/INFO]: PorTnT_ fell from a high place
[03:40:04] [User Authenticator #5/INFO]: UUID of player Sejul_04 is b0a841e2-39f8-42db-b963-8b04fe2661bf
[03:40:04] [Server thread/INFO]: Sejul_04 joined the game
[03:40:04] [Server thread/INFO]: Sejul_04[/221.167.246.167:50851] logged in with entity id 78998 at ([world]331.5612854829353, 66.0, 570.6110775622078)
[03:53:54] [Server thread/INFO]: Sejul_04 has made the advancement [Ice Bucket Challenge]
[03:54:09] [Server thread/WARN]: Can't keep up! Is the server overloaded? Running 5024ms or 100 ticks behind
[03:55:12] [Server thread/WARN]: Can't keep up! Is the server overloaded? Running 5010ms or 100 ticks behind
[03:56:40] [Async Chat Thread - #5/INFO]: <PorTnT_> ì˜¤ëŠ˜ ì„œë²„ 4ì‹œ 30ë¶„ì— ì¢…ë£Œ[m
[03:56:42] [Server thread/WARN]: Can't keep up! Is the server overloaded? Running 5006ms or 100 ticks behind
[03:57:09] [Server thread/INFO]: Unknown command. Type "help" for help.[m
[03:57:31] [Server thread/INFO]: [Not Secure] [Server] ì´ë²¤íŠ¸ëŠ” 4ì‹œ 10ë¶„ê¹Œì§€ ì†Œ ëª©ì¥ê¹Œì§€ ì˜¤ì‹œë©´ ë“œë¦½ë‹ˆë‹¤
[03:57:50] [Async Chat Thread - #7/INFO]: <PorTnT_> ì°¸ê³ ë¡œ ë‚˜ ì§€ê¸ˆ ì§‘ì—ì„œ ì¶œë°£ë§ˆ[m
[03:58:26] [Server thread/WARN]: Can't keep up! Is the server overloaded? Running 5007ms or 100 ticks behind
[03:59:45] [Server thread/WARN]: Can't keep up! Is the server overloaded? Running 5001ms or 100 ticks behind
[04:05:09] [Server thread/INFO]: Kaen_y lost connection: Disconnected
[04:05:09] [Server thread/INFO]: Kaen_y left the game
[04:08:52] [Async Chat Thread - #8/INFO]: <PorTnT_> ì´ë²¤íŠ¸ ë§ˆê° 2ë¶„ì „ì—[m
[04:08:54] [Async Chat Thread - #9/INFO]: <PorTnT_> ì´ë²¤íŠ¸ ì‹œì‘[m
[04:09:01] [Async Chat Thread - #8/INFO]: <Sejul_04> ì˜ˆ?[m
[04:11:13] [Async Chat Thread - #10/INFO]: <Sejul_04> ë³¸ì¸ í˜„ì¬ ë‚˜ë¬´ ìºëŠ”ì¤‘...[m
[04:12:35] [Async Chat Thread - #12/INFO]: <PorTnT_> ì„œë²„ ì¢…ë£Œí•©ë‹ˆë‹¤[m
[04:12:37] [Server thread/INFO]: PorTnT_ lost connection: Disconnected
[04:12:37] [Server thread/INFO]: PorTnT_ left the game
[04:12:50] [Server thread/INFO]: [Not Secure] [Server] 3
[04:12:53] [Server thread/INFO]: [Not Secure] [Server] 2
[04:12:55] [Server thread/INFO]: [Not Secure] [Server] 1
[04:12:59] [Server thread/INFO]: Stopping the server
[04:12:59] [Server thread/INFO]: Stopping server
[04:12:59] [Server thread/INFO]: Disabling Essentials v2.21.0-dev+24-0af4436
[04:12:59] [Server thread/INFO]: Saving players
[04:12:59] [Server thread/INFO]: Sejul_04 lost connection: Server closed
[04:12:59] [Server thread/INFO]: Sejul_04 left the game.
[04:12:59] [Server thread/INFO]: Saving worlds
[04:13:00] [Server thread/INFO]: Saving chunks for level 'ServerLevel[world]'/minecraft:overworld
[04:13:00] [Server thread/INFO]: Saving chunks for level 'ServerLevel[world_nether]'/minecraft:the_nether
[04:13:00] [Server thread/INFO]: Saving chunks for level 'ServerLevel[world_the_end]'/minecraft:the_end
[04:13:00] [Server thread/INFO]: ThreadedAnvilChunkStorage (world): All chunks are saved
[04:13:00] [Server thread/INFO]: ThreadedAnvilChunkStorage (DIM-1): All chunks are saved
[04:13:00] [Server thread/INFO]: ThreadedAnvilChunkStorage (DIM1): All chunks are saved
[04:13:00] [Server thread/INFO]: ThreadedAnvilChunkStorage: All dimensions are saved
