[00:00:02] [Async Chat Thread - #61/INFO]: <FIXER_San> 하이
[00:00:05] [Async Chat Thread - #60/INFO]: <pswxxk> ㅎㅇ
[00:00:06] [Async Chat Thread - #61/INFO]: <FIXER_San> 너 레벨 몇이야?
[00:00:08] [Async Chat Thread - #60/INFO]: <pswxxk> 17
[00:00:11] [Server thread/WARN]: Can't keep up! Is the server overloaded? Running 9866ms or 197 ticks behind
[00:00:11] [Async Chat Thread - #61/INFO]: <FIXER_San> 내려가 ㅋ
[00:00:16] [Async Chat Thread - #61/INFO]: <pswxxk> ㅠ
[00:00:18] [Async Chat Thread - #60/INFO]: <FIXER_San> 야야
[00:00:28] [Async Chat Thread - #61/INFO]: <FIXER_San> 이거 가져가서
[00:00:29] [Async Chat Thread - #60/INFO]: <FIXER_San> 같이 싸
[00:00:30] [Async Chat Thread - #60/INFO]: <FIXER_San> 써
[00:00:31] [Async Chat Thread - #61/INFO]: <pswxxk> 야미
[00:00:35] [Async Chat Thread - #60/INFO]: <pswxxk> ㄳ
[00:00:50] [Server thread/WARN]: Can't keep up! Is the server overloaded? Running 9147ms or 182 ticks behind
[00:00:55] [Async Chat Thread - #61/INFO]: <ppare> 오타때문에
[00:00:58] [Async Chat Thread - #60/INFO]: <ppare> 전우애 넘치는줄
[00:01:22] [Async Chat Thread - #61/INFO]: <ppare> ㅇㅇ/
[00:01:27] [Server thread/WARN]: Can't keep up! Is the server overloaded? Running 7123ms or 142 ticks behind
[00:01:46] [Async Chat Thread - #60/INFO]: <PorTnT_> 오늘은 12시 15분에 마감합니다
[00:01:55] [Async Chat Thread - #61/INFO]: <FIXER_San> 엥
[00:02:01] [Async Chat Thread - #60/INFO]: <FIXER_San> 님아 서버 끄면 인첸트 내용 달라짐?
[00:02:05] [Async Chat Thread - #61/INFO]: <FIXER_San> 저 다음 행운 3인데 허허
[00:02:13] [Server thread/WARN]: Can't keep up! Is the server overloaded? Running 5008ms or 100 ticks behind
[00:03:45] [Server thread/WARN]: Can't keep up! Is the server overloaded? Running 5001ms or 100 ticks behind
[00:04:29] [Server thread/WARN]: Can't keep up! Is the server overloaded? Running 5021ms or 100 ticks behind
[00:05:05] [Async Chat Thread - #62/INFO]: <ppare> 내일 입고온다네요
[00:05:46] [Server thread/WARN]: Can't keep up! Is the server overloaded? Running 5024ms or 100 ticks behind
[00:06:53] [Async Chat Thread - #64/INFO]: <ppare> 강산
[00:07:00] [Server thread/WARN]: Can't keep up! Is the server overloaded? Running 5002ms or 100 ticks behind
[00:07:01] [Async Chat Thread - #65/INFO]: <ppare> 익힌 닭고기 한세트에
[00:07:05] [Async Chat Thread - #64/INFO]: <pswxxk> 저 밟으면 소리나는 블럭 가져옴
[00:07:10] [Async Chat Thread - #65/INFO]: <ppare> 다이아 3개 어떰?
[00:07:16] [Async Chat Thread - #64/INFO]: <ppare> ㅠㅠ
[00:07:20] [Async Chat Thread - #65/INFO]: <ppare> 그러면
[00:07:26] [Async Chat Thread - #64/INFO]: <GCoupang> zzzzzzzzzzzzzzzzzz
[00:07:26] [Async Chat Thread - #64/INFO]: <ppare> 석탄 한세트는
[00:07:27] [Async Chat Thread - #65/INFO]: <ppare> 어때
[00:07:33] [Async Chat Thread - #64/INFO]: <GCoupang> 자수정ㅋㅋㅋㅋㅋㅋㅋㅋㅋㅋ
[00:07:39] [Async Chat Thread - #65/INFO]: <ppare> 정답
[00:07:53] [Async Chat Thread - #65/INFO]: <pswxxk> 쉐이더 입히니까 이쁘네
[00:07:55] [Async Chat Thread - #64/INFO]: <ppare> 그러면
[00:08:03] [Async Chat Thread - #64/INFO]: <ppare> 무력을 위한
[00:08:06] [Async Chat Thread - #64/INFO]: <ppare> 깃털은 어떰
[00:08:13] [Async Chat Thread - #65/INFO]: <pswxxk> 이거도 조약돌 되던데
[00:08:35] [Async Chat Thread - #64/INFO]: <ppare> 준수
[00:08:41] [Async Chat Thread - #65/INFO]: <ppare> 깃털 한세트에 다이아 5개 어때
[00:08:50] [Async Chat Thread - #64/INFO]: <ppare> ㅠ..
[00:08:56] [Async Chat Thread - #65/INFO]: <PorTnT_> ./kick ppare
[00:08:57] [Async Chat Thread - #64/INFO]: <ppare> 개너무해
[00:09:05] [Async Chat Thread - #65/INFO]: <ppare> 진짜
[00:09:07] [Async Chat Thread - #64/INFO]: <ppare> 철한세트는
[00:09:08] [Async Chat Thread - #65/INFO]: <ppare> 어떰
[00:09:26] [Async Chat Thread - #65/INFO]: <ppare> 그게 어디야
[00:09:29] [Async Chat Thread - #65/INFO]: <pswxxk> 상인 안에있는데?
[00:09:34] [Async Chat Thread - #64/INFO]: <pswxxk> 집에
[00:09:35] [Async Chat Thread - #65/INFO]: <ppare> 좌표알려줘
[00:10:04] [Server thread/WARN]: Can't keep up! Is the server overloaded? Running 5016ms or 100 ticks behind
[00:10:09] [Server thread/INFO]: PorTnT_ issued server command: /tp @s 468 69.5 -216
[00:10:09] [Server thread/INFO]: [PorTnT_: Teleported PorTnT_ to 468.500000, 69.500000, -215.500000]
[00:10:09] [Server thread/WARN]: PorTnT_ moved too quickly! 834.0462072081958,1.5,1729.7386316521088
[00:10:21] [Async Chat Thread - #64/INFO]: <pswxxk> 선물
[00:10:27] [Async Chat Thread - #65/INFO]: <GCoupang> ㅁㅊ 왜케 많이 캐옴
[00:10:29] [Async Chat Thread - #65/INFO]: <PorTnT_> 468 69 -215
[00:10:35] [Async Chat Thread - #64/INFO]: <pswxxk> zz
[00:10:35] [Async Chat Thread - #64/INFO]: <GCoupang> 이거 어디에 쓰는거임?
[00:10:38] [Async Chat Thread - #65/INFO]: <pswxxk> 몰름
[00:10:41] [Async Chat Thread - #64/INFO]: <GCoupang> ?
[00:10:43] [Async Chat Thread - #65/INFO]: <pswxxk> 소리나길래 캐옴
[00:10:45] [Async Chat Thread - #64/INFO]: <GCoupang> zzzzzzzzzzzzzzzzz
[00:10:47] [Async Chat Thread - #65/INFO]: <pswxxk> 어때 낭만
[00:10:47] [Async Chat Thread - #64/INFO]: <GCoupang> dzdz
[00:10:47] [Async Chat Thread - #65/INFO]: <PorTnT_> 여기로 오시면 마감 기념 다이아 10개씩 드립니다
[00:10:53] [Async Chat Thread - #65/INFO]: <GCoupang> 낭만 뒤지긴하네 ㄷㄷ
[00:10:56] [Async Chat Thread - #64/INFO]: <PorTnT_> 468 69 -215
[00:10:57] [Async Chat Thread - #65/INFO]: <PorTnT_> 여기로 오시면 마감 기념 다이아 10개씩 드립니다
[00:11:03] [Async Chat Thread - #64/INFO]: <pswxxk> 저거 먹으러 가야되나
[00:13:30] [Async Chat Thread - #66/INFO]: <ppare> 사실?
[00:13:52] [Async Chat Thread - #67/INFO]: <ppare> 진서연 출몰장소
[00:14:39] [Async Chat Thread - #67/INFO]: <PorTnT_> 이벤트 마감 20초전
[00:14:59] [Async Chat Thread - #67/INFO]: <ppare> 연장좀
[00:15:14] [Server thread/INFO]: ppare has made the advancement [Diamonds!]
[00:15:16] [Async Chat Thread - #66/INFO]: <ppare> ㅠㅠ
[00:15:18] [Async Chat Thread - #67/INFO]: <ppare> 고마워
[00:15:21] [Async Chat Thread - #66/INFO]: <pswxxk> 다이아 업적 ㅋㅋㅋㅋㅋㅋㅋㅋㅋㅋ
[00:15:28] [Async Chat Thread - #66/INFO]: <ppare> 제가
[00:15:35] [Async Chat Thread - #67/INFO]: <ppare> 30이하로 내려간적이 없거든요~
[00:15:38] [Async Chat Thread - #66/INFO]: <ppare> 좌표
[00:15:42] [Async Chat Thread - #67/INFO]: <pswxxk> 허윤 돔공연 축하해~
[00:15:46] [Server thread/INFO]: GCoupang lost connection: Disconnected
[00:15:46] [Server thread/INFO]: GCoupang left the game
[00:15:54] [Async Chat Thread - #66/INFO]: <ppare> 카카오도 키우고있음
[00:15:56] [Async Chat Thread - #67/INFO]: <ppare> 루왁만들려고
[00:15:59] [Async Chat Thread - #66/INFO]: <pswxxk> 수고열
[00:16:02] [Server thread/INFO]: PorTnT_ lost connection: Disconnected
[00:16:02] [Server thread/INFO]: PorTnT_ left the game
[00:16:03] [Server thread/INFO]: FIXER_San lost connection: Disconnected
[00:16:03] [Server thread/INFO]: FIXER_San left the game
[00:16:06] [Async Chat Thread - #67/INFO]: <ppare> ㅈㅈ
[00:16:06] [Server thread/INFO]: pswxxk lost connection: Disconnected
[00:16:06] [Server thread/INFO]: pswxxk left the game
[00:16:07] [Server thread/INFO]: coboto48 lost connection: Disconnected
[00:16:07] [Server thread/INFO]: coboto48 left the game
[00:16:09] [Server thread/INFO]: ppare lost connection: Disconnected
[00:16:09] [Server thread/INFO]: ppare left the game
[00:16:12] [Server thread/INFO]: Stopping the server
[00:16:12] [Server thread/INFO]: Stopping server
[00:16:12] [Server thread/INFO]: [EssentialsProtect] Disabling EssentialsProtect v2.19.7
[00:16:12] [Server thread/INFO]: Saving players
[00:16:12] [Server thread/INFO]: Saving worlds
[00:16:13] [Server thread/INFO]: Saving chunks for level 'ServerLevel[world]'/minecraft:overworld
[00:16:13] [Server thread/INFO]: Saving chunks for level 'ServerLevel[world_nether]'/minecraft:the_nether
[00:16:13] [Server thread/INFO]: Saving chunks for level 'ServerLevel[world_the_end]'/minecraft:the_end
[00:16:13] [Server thread/INFO]: ThreadedAnvilChunkStorage (world): All chunks are saved
[00:16:13] [Server thread/INFO]: ThreadedAnvilChunkStorage (DIM-1): All chunks are saved
[00:16:13] [Server thread/INFO]: ThreadedAnvilChunkStorage (DIM1): All chunks are saved
[00:16:13] [Server thread/INFO]: ThreadedAnvilChunkStorage: All dimensions are saved
